From github.com:MathiasBerlancourt/exam_k8s
 * branch            main       -> FETCH_HEAD
Already up to date.
[main b18ad55] Automatic commit at 2023-08-20 23:37:01
 Committer: Ubuntu <ubuntu@ip-172-31-37-33.eu-west-1.compute.internal>
Your name and email address were configured automatically based
on your username and hostname. Please check that they are accurate.
You can suppress this message by setting them explicitly. Run the
following command and follow the instructions in your editor to edit
your configuration file:

    git config --global --edit

After doing this, you may fix the identity used for this commit with:

    git commit --amend --reset-author

 2 files changed, 6 insertions(+), 1 deletion(-)
 create mode 100644 cron.log
To github.com:MathiasBerlancourt/exam_k8s.git
   a49e74e..b18ad55  main -> main
From github.com:MathiasBerlancourt/exam_k8s
 * branch            main       -> FETCH_HEAD
Already up to date.
[main f216844] Automatic commit at 2023-08-21 00:00:01
 Committer: Ubuntu <ubuntu@ip-172-31-37-33.eu-west-1.compute.internal>
Your name and email address were configured automatically based
on your username and hostname. Please check that they are accurate.
You can suppress this message by setting them explicitly. Run the
following command and follow the instructions in your editor to edit
your configuration file:

    git config --global --edit

After doing this, you may fix the identity used for this commit with:

    git commit --amend --reset-author

 1 file changed, 21 insertions(+)
To github.com:MathiasBerlancourt/exam_k8s.git
   b18ad55..f216844  main -> main
From github.com:MathiasBerlancourt/exam_k8s
 * branch            main       -> FETCH_HEAD
Already up to date.
[main 258f7b6] Automatic commit at 2023-08-21 01:00:01
 Committer: Ubuntu <ubuntu@ip-172-31-37-33.eu-west-1.compute.internal>
Your name and email address were configured automatically based
on your username and hostname. Please check that they are accurate.
You can suppress this message by setting them explicitly. Run the
following command and follow the instructions in your editor to edit
your configuration file:

    git config --global --edit

After doing this, you may fix the identity used for this commit with:

    git commit --amend --reset-author

 1 file changed, 20 insertions(+)
To github.com:MathiasBerlancourt/exam_k8s.git
   f216844..258f7b6  main -> main
From github.com:MathiasBerlancourt/exam_k8s
 * branch            main       -> FETCH_HEAD
Already up to date.
[main 42abb39] Automatic commit at 2023-08-21 02:00:01
 Committer: Ubuntu <ubuntu@ip-172-31-37-33.eu-west-1.compute.internal>
Your name and email address were configured automatically based
on your username and hostname. Please check that they are accurate.
You can suppress this message by setting them explicitly. Run the
following command and follow the instructions in your editor to edit
your configuration file:

    git config --global --edit

After doing this, you may fix the identity used for this commit with:

    git commit --amend --reset-author

 1 file changed, 20 insertions(+)
To github.com:MathiasBerlancourt/exam_k8s.git
   258f7b6..42abb39  main -> main
From github.com:MathiasBerlancourt/exam_k8s
 * branch            main       -> FETCH_HEAD
Already up to date.
[main 6b98492] Automatic commit at 2023-08-21 03:00:01
 Committer: Ubuntu <ubuntu@ip-172-31-37-33.eu-west-1.compute.internal>
Your name and email address were configured automatically based
on your username and hostname. Please check that they are accurate.
You can suppress this message by setting them explicitly. Run the
following command and follow the instructions in your editor to edit
your configuration file:

    git config --global --edit

After doing this, you may fix the identity used for this commit with:

    git commit --amend --reset-author

 1 file changed, 20 insertions(+)
To github.com:MathiasBerlancourt/exam_k8s.git
   42abb39..6b98492  main -> main
From github.com:MathiasBerlancourt/exam_k8s
 * branch            main       -> FETCH_HEAD
Already up to date.
[main 57ad677] Automatic commit at 2023-08-21 04:00:01
 Committer: Ubuntu <ubuntu@ip-172-31-37-33.eu-west-1.compute.internal>
Your name and email address were configured automatically based
on your username and hostname. Please check that they are accurate.
You can suppress this message by setting them explicitly. Run the
following command and follow the instructions in your editor to edit
your configuration file:

    git config --global --edit

After doing this, you may fix the identity used for this commit with:

    git commit --amend --reset-author

 1 file changed, 20 insertions(+)
To github.com:MathiasBerlancourt/exam_k8s.git
   6b98492..57ad677  main -> main
From github.com:MathiasBerlancourt/exam_k8s
 * branch            main       -> FETCH_HEAD
Already up to date.
[main a3e24a7] Automatic commit at 2023-08-21 13:00:01
 Committer: Ubuntu <ubuntu@ip-172-31-37-33.eu-west-1.compute.internal>
Your name and email address were configured automatically based
on your username and hostname. Please check that they are accurate.
You can suppress this message by setting them explicitly. Run the
following command and follow the instructions in your editor to edit
your configuration file:

    git config --global --edit

After doing this, you may fix the identity used for this commit with:

    git commit --amend --reset-author

 3 files changed, 25 insertions(+), 3 deletions(-)
To github.com:MathiasBerlancourt/exam_k8s.git
   57ad677..a3e24a7  main -> main
From github.com:MathiasBerlancourt/exam_k8s
 * branch            main       -> FETCH_HEAD
Already up to date.
[main 72cef94] Automatic commit at 2023-08-21 14:00:01
 Committer: Ubuntu <ubuntu@ip-172-31-37-33.eu-west-1.compute.internal>
Your name and email address were configured automatically based
on your username and hostname. Please check that they are accurate.
You can suppress this message by setting them explicitly. Run the
following command and follow the instructions in your editor to edit
your configuration file:

    git config --global --edit

After doing this, you may fix the identity used for this commit with:

    git commit --amend --reset-author

 4 files changed, 39 insertions(+), 2 deletions(-)
 create mode 100755 standard/cleanup_namespace.sh
To github.com:MathiasBerlancourt/exam_k8s.git
   a3e24a7..72cef94  main -> main
From github.com:MathiasBerlancourt/exam_k8s
 * branch            main       -> FETCH_HEAD
Already up to date.
[main e12b647] Automatic commit at 2023-08-21 15:00:01
 Committer: Ubuntu <ubuntu@ip-172-31-37-33.eu-west-1.compute.internal>
Your name and email address were configured automatically based
on your username and hostname. Please check that they are accurate.
You can suppress this message by setting them explicitly. Run the
following command and follow the instructions in your editor to edit
your configuration file:

    git config --global --edit

After doing this, you may fix the identity used for this commit with:

    git commit --amend --reset-author

 2 files changed, 25 insertions(+), 4 deletions(-)
To github.com:MathiasBerlancourt/exam_k8s.git
   72cef94..e12b647  main -> main
From github.com:MathiasBerlancourt/exam_k8s
 * branch            main       -> FETCH_HEAD
Already up to date.
[main 7fc9d19] Automatic commit at 2023-08-21 16:00:01
 Committer: Ubuntu <ubuntu@ip-172-31-37-33.eu-west-1.compute.internal>
Your name and email address were configured automatically based
on your username and hostname. Please check that they are accurate.
You can suppress this message by setting them explicitly. Run the
following command and follow the instructions in your editor to edit
your configuration file:

    git config --global --edit

After doing this, you may fix the identity used for this commit with:

    git commit --amend --reset-author

 1 file changed, 20 insertions(+)
To github.com:MathiasBerlancourt/exam_k8s.git
   e12b647..7fc9d19  main -> main
From github.com:MathiasBerlancourt/exam_k8s
 * branch            main       -> FETCH_HEAD
Already up to date.
[main 81aab2e] Automatic commit at 2023-08-21 19:00:01
 Committer: Ubuntu <ubuntu@ip-172-31-37-33.eu-west-1.compute.internal>
Your name and email address were configured automatically based
on your username and hostname. Please check that they are accurate.
You can suppress this message by setting them explicitly. Run the
following command and follow the instructions in your editor to edit
your configuration file:

    git config --global --edit

After doing this, you may fix the identity used for this commit with:

    git commit --amend --reset-author

 2 files changed, 22 insertions(+), 3 deletions(-)
To github.com:MathiasBerlancourt/exam_k8s.git
   7fc9d19..81aab2e  main -> main
From github.com:MathiasBerlancourt/exam_k8s
 * branch            main       -> FETCH_HEAD
Already up to date.
[main f4ce073] Automatic commit at 2023-08-21 20:00:01
 Committer: Ubuntu <ubuntu@ip-172-31-37-33.eu-west-1.compute.internal>
Your name and email address were configured automatically based
on your username and hostname. Please check that they are accurate.
You can suppress this message by setting them explicitly. Run the
following command and follow the instructions in your editor to edit
your configuration file:

    git config --global --edit

After doing this, you may fix the identity used for this commit with:

    git commit --amend --reset-author

 6 files changed, 42 insertions(+), 4 deletions(-)
 create mode 100644 standard/mysql-pvc.yaml
To github.com:MathiasBerlancourt/exam_k8s.git
   81aab2e..f4ce073  main -> main
From github.com:MathiasBerlancourt/exam_k8s
 * branch            main       -> FETCH_HEAD
Already up to date.
[main 54ede7d] Automatic commit at 2023-08-21 21:00:01
 Committer: Ubuntu <ubuntu@ip-172-31-37-33.eu-west-1.compute.internal>
Your name and email address were configured automatically based
on your username and hostname. Please check that they are accurate.
You can suppress this message by setting them explicitly. Run the
following command and follow the instructions in your editor to edit
your configuration file:

    git config --global --edit

After doing this, you may fix the identity used for this commit with:

    git commit --amend --reset-author

 1 file changed, 21 insertions(+)
To github.com:MathiasBerlancourt/exam_k8s.git
   f4ce073..54ede7d  main -> main
From github.com:MathiasBerlancourt/exam_k8s
 * branch            main       -> FETCH_HEAD
Already up to date.
[main 5270f9f] Automatic commit at 2023-08-21 22:00:01
 Committer: Ubuntu <ubuntu@ip-172-31-37-33.eu-west-1.compute.internal>
Your name and email address were configured automatically based
on your username and hostname. Please check that they are accurate.
You can suppress this message by setting them explicitly. Run the
following command and follow the instructions in your editor to edit
your configuration file:

    git config --global --edit

After doing this, you may fix the identity used for this commit with:

    git commit --amend --reset-author

 1 file changed, 20 insertions(+)
To github.com:MathiasBerlancourt/exam_k8s.git
   54ede7d..5270f9f  main -> main
From github.com:MathiasBerlancourt/exam_k8s
 * branch            main       -> FETCH_HEAD
Already up to date.
[main 66654b8] Automatic commit at 2023-08-21 23:00:01
 Committer: Ubuntu <ubuntu@ip-172-31-37-33.eu-west-1.compute.internal>
Your name and email address were configured automatically based
on your username and hostname. Please check that they are accurate.
You can suppress this message by setting them explicitly. Run the
following command and follow the instructions in your editor to edit
your configuration file:

    git config --global --edit

After doing this, you may fix the identity used for this commit with:

    git commit --amend --reset-author

 4 files changed, 34 insertions(+), 18 deletions(-)
To github.com:MathiasBerlancourt/exam_k8s.git
   5270f9f..66654b8  main -> main
From github.com:MathiasBerlancourt/exam_k8s
 * branch            main       -> FETCH_HEAD
Already up to date.
[main b8154d5] Automatic commit at 2023-08-22 00:00:01
 Committer: Ubuntu <ubuntu@ip-172-31-37-33.eu-west-1.compute.internal>
Your name and email address were configured automatically based
on your username and hostname. Please check that they are accurate.
You can suppress this message by setting them explicitly. Run the
following command and follow the instructions in your editor to edit
your configuration file:

    git config --global --edit

After doing this, you may fix the identity used for this commit with:

    git commit --amend --reset-author

 4 files changed, 22 insertions(+), 5 deletions(-)
To github.com:MathiasBerlancourt/exam_k8s.git
   66654b8..b8154d5  main -> main
From github.com:MathiasBerlancourt/exam_k8s
 * branch            main       -> FETCH_HEAD
Already up to date.
[main 44f106e] Automatic commit at 2023-08-22 01:00:01
 Committer: Ubuntu <ubuntu@ip-172-31-37-33.eu-west-1.compute.internal>
Your name and email address were configured automatically based
on your username and hostname. Please check that they are accurate.
You can suppress this message by setting them explicitly. Run the
following command and follow the instructions in your editor to edit
your configuration file:

    git config --global --edit

After doing this, you may fix the identity used for this commit with:

    git commit --amend --reset-author

 2 files changed, 21 insertions(+), 1 deletion(-)
To github.com:MathiasBerlancourt/exam_k8s.git
   b8154d5..44f106e  main -> main
From github.com:MathiasBerlancourt/exam_k8s
 * branch            main       -> FETCH_HEAD
Already up to date.
[main bb78b0f] Automatic commit at 2023-08-22 02:00:01
 Committer: Ubuntu <ubuntu@ip-172-31-37-33.eu-west-1.compute.internal>
Your name and email address were configured automatically based
on your username and hostname. Please check that they are accurate.
You can suppress this message by setting them explicitly. Run the
following command and follow the instructions in your editor to edit
your configuration file:

    git config --global --edit

After doing this, you may fix the identity used for this commit with:

    git commit --amend --reset-author

 1 file changed, 20 insertions(+)
To github.com:MathiasBerlancourt/exam_k8s.git
   44f106e..bb78b0f  main -> main
From github.com:MathiasBerlancourt/exam_k8s
 * branch            main       -> FETCH_HEAD
Already up to date.
[main e70796a] Automatic commit at 2023-08-22 03:00:01
 Committer: Ubuntu <ubuntu@ip-172-31-37-33.eu-west-1.compute.internal>
Your name and email address were configured automatically based
on your username and hostname. Please check that they are accurate.
You can suppress this message by setting them explicitly. Run the
following command and follow the instructions in your editor to edit
your configuration file:

    git config --global --edit

After doing this, you may fix the identity used for this commit with:

    git commit --amend --reset-author

 1 file changed, 20 insertions(+)
To github.com:MathiasBerlancourt/exam_k8s.git
   bb78b0f..e70796a  main -> main
From github.com:MathiasBerlancourt/exam_k8s
 * branch            main       -> FETCH_HEAD
Already up to date.
[main 90cc389] Automatic commit at 2023-08-23 10:00:01
 Committer: Ubuntu <ubuntu@ip-172-31-37-33.eu-west-1.compute.internal>
Your name and email address were configured automatically based
on your username and hostname. Please check that they are accurate.
You can suppress this message by setting them explicitly. Run the
following command and follow the instructions in your editor to edit
your configuration file:

    git config --global --edit

After doing this, you may fix the identity used for this commit with:

    git commit --amend --reset-author

 2 files changed, 27 insertions(+), 9 deletions(-)
To github.com:MathiasBerlancourt/exam_k8s.git
   e70796a..90cc389  main -> main
From github.com:MathiasBerlancourt/exam_k8s
 * branch            main       -> FETCH_HEAD
Already up to date.
[main 2299f5e] Automatic commit at 2023-08-23 11:00:01
 Committer: Ubuntu <ubuntu@ip-172-31-37-33.eu-west-1.compute.internal>
Your name and email address were configured automatically based
on your username and hostname. Please check that they are accurate.
You can suppress this message by setting them explicitly. Run the
following command and follow the instructions in your editor to edit
your configuration file:

    git config --global --edit

After doing this, you may fix the identity used for this commit with:

    git commit --amend --reset-author

 1 file changed, 20 insertions(+)
To github.com:MathiasBerlancourt/exam_k8s.git
   90cc389..2299f5e  main -> main
From github.com:MathiasBerlancourt/exam_k8s
 * branch            main       -> FETCH_HEAD
Already up to date.
[main 49604d0] Automatic commit at 2023-08-23 12:00:01
 Committer: Ubuntu <ubuntu@ip-172-31-37-33.eu-west-1.compute.internal>
Your name and email address were configured automatically based
on your username and hostname. Please check that they are accurate.
You can suppress this message by setting them explicitly. Run the
following command and follow the instructions in your editor to edit
your configuration file:

    git config --global --edit

After doing this, you may fix the identity used for this commit with:

    git commit --amend --reset-author

 1 file changed, 20 insertions(+)
To github.com:MathiasBerlancourt/exam_k8s.git
   2299f5e..49604d0  main -> main
From github.com:MathiasBerlancourt/exam_k8s
 * branch            main       -> FETCH_HEAD
Already up to date.
[main bdc8c7b] Automatic commit at 2023-08-23 13:00:01
 Committer: Ubuntu <ubuntu@ip-172-31-37-33.eu-west-1.compute.internal>
Your name and email address were configured automatically based
on your username and hostname. Please check that they are accurate.
You can suppress this message by setting them explicitly. Run the
following command and follow the instructions in your editor to edit
your configuration file:

    git config --global --edit

After doing this, you may fix the identity used for this commit with:

    git commit --amend --reset-author

 1 file changed, 20 insertions(+)
To github.com:MathiasBerlancourt/exam_k8s.git
   49604d0..bdc8c7b  main -> main
From github.com:MathiasBerlancourt/exam_k8s
 * branch            main       -> FETCH_HEAD
Already up to date.
[main d71cf4f] Automatic commit at 2023-08-23 14:00:01
 Committer: Ubuntu <ubuntu@ip-172-31-37-33.eu-west-1.compute.internal>
Your name and email address were configured automatically based
on your username and hostname. Please check that they are accurate.
You can suppress this message by setting them explicitly. Run the
following command and follow the instructions in your editor to edit
your configuration file:

    git config --global --edit

After doing this, you may fix the identity used for this commit with:

    git commit --amend --reset-author

 1 file changed, 3 insertions(+)
To github.com:MathiasBerlancourt/exam_k8s.git
   e5e5dea..d71cf4f  main -> main
From github.com:MathiasBerlancourt/exam_k8s
 * branch            main       -> FETCH_HEAD
Already up to date.
[main e5711a5] Automatic commit at 2023-08-23 15:00:01
 Committer: Ubuntu <ubuntu@ip-172-31-37-33.eu-west-1.compute.internal>
Your name and email address were configured automatically based
on your username and hostname. Please check that they are accurate.
You can suppress this message by setting them explicitly. Run the
following command and follow the instructions in your editor to edit
your configuration file:

    git config --global --edit

After doing this, you may fix the identity used for this commit with:

    git commit --amend --reset-author

 2 files changed, 22 insertions(+), 2 deletions(-)
To github.com:MathiasBerlancourt/exam_k8s.git
   d71cf4f..e5711a5  main -> main
From github.com:MathiasBerlancourt/exam_k8s
 * branch            main       -> FETCH_HEAD
Already up to date.
[main 3a8d220] Automatic commit at 2023-08-23 16:00:01
 Committer: Ubuntu <ubuntu@ip-172-31-37-33.eu-west-1.compute.internal>
Your name and email address were configured automatically based
on your username and hostname. Please check that they are accurate.
You can suppress this message by setting them explicitly. Run the
following command and follow the instructions in your editor to edit
your configuration file:

    git config --global --edit

After doing this, you may fix the identity used for this commit with:

    git commit --amend --reset-author

 1 file changed, 20 insertions(+)
To github.com:MathiasBerlancourt/exam_k8s.git
   e5711a5..3a8d220  main -> main
From github.com:MathiasBerlancourt/exam_k8s
 * branch            main       -> FETCH_HEAD
Already up to date.
[main d65c52d] Automatic commit at 2023-08-23 17:00:01
 Committer: Ubuntu <ubuntu@ip-172-31-37-33.eu-west-1.compute.internal>
Your name and email address were configured automatically based
on your username and hostname. Please check that they are accurate.
You can suppress this message by setting them explicitly. Run the
following command and follow the instructions in your editor to edit
your configuration file:

    git config --global --edit

After doing this, you may fix the identity used for this commit with:

    git commit --amend --reset-author

 2 files changed, 44 insertions(+), 14 deletions(-)
To github.com:MathiasBerlancourt/exam_k8s.git
   3a8d220..d65c52d  main -> main
From github.com:MathiasBerlancourt/exam_k8s
 * branch            main       -> FETCH_HEAD
Already up to date.
[main aa892ba] Automatic commit at 2023-08-23 18:00:01
 Committer: Ubuntu <ubuntu@ip-172-31-37-33.eu-west-1.compute.internal>
Your name and email address were configured automatically based
on your username and hostname. Please check that they are accurate.
You can suppress this message by setting them explicitly. Run the
following command and follow the instructions in your editor to edit
your configuration file:

    git config --global --edit

After doing this, you may fix the identity used for this commit with:

    git commit --amend --reset-author

 3 files changed, 27 insertions(+), 1 deletion(-)
To github.com:MathiasBerlancourt/exam_k8s.git
   d65c52d..aa892ba  main -> main
From github.com:MathiasBerlancourt/exam_k8s
 * branch            main       -> FETCH_HEAD
Already up to date.
[main 601f4f4] Automatic commit at 2023-08-23 19:00:01
 Committer: Ubuntu <ubuntu@ip-172-31-37-33.eu-west-1.compute.internal>
Your name and email address were configured automatically based
on your username and hostname. Please check that they are accurate.
You can suppress this message by setting them explicitly. Run the
following command and follow the instructions in your editor to edit
your configuration file:

    git config --global --edit

After doing this, you may fix the identity used for this commit with:

    git commit --amend --reset-author

 1 file changed, 20 insertions(+)
To github.com:MathiasBerlancourt/exam_k8s.git
   aa892ba..601f4f4  main -> main
From github.com:MathiasBerlancourt/exam_k8s
 * branch            main       -> FETCH_HEAD
Already up to date.
[main 3da02ad] Automatic commit at 2023-08-23 20:00:01
 Committer: Ubuntu <ubuntu@ip-172-31-37-33.eu-west-1.compute.internal>
Your name and email address were configured automatically based
on your username and hostname. Please check that they are accurate.
You can suppress this message by setting them explicitly. Run the
following command and follow the instructions in your editor to edit
your configuration file:

    git config --global --edit

After doing this, you may fix the identity used for this commit with:

    git commit --amend --reset-author

 1 file changed, 20 insertions(+)
To github.com:MathiasBerlancourt/exam_k8s.git
   601f4f4..3da02ad  main -> main
From github.com:MathiasBerlancourt/exam_k8s
 * branch            main       -> FETCH_HEAD
Already up to date.
[main dd0827d] Automatic commit at 2023-08-23 21:00:01
 Committer: Ubuntu <ubuntu@ip-172-31-37-33.eu-west-1.compute.internal>
Your name and email address were configured automatically based
on your username and hostname. Please check that they are accurate.
You can suppress this message by setting them explicitly. Run the
following command and follow the instructions in your editor to edit
your configuration file:

    git config --global --edit

After doing this, you may fix the identity used for this commit with:

    git commit --amend --reset-author

 1 file changed, 20 insertions(+)
To github.com:MathiasBerlancourt/exam_k8s.git
   3da02ad..dd0827d  main -> main
From github.com:MathiasBerlancourt/exam_k8s
 * branch            main       -> FETCH_HEAD
Already up to date.
[main aa567c3] Automatic commit at 2023-08-24 10:00:01
 Committer: Ubuntu <ubuntu@ip-172-31-37-33.eu-west-1.compute.internal>
Your name and email address were configured automatically based
on your username and hostname. Please check that they are accurate.
You can suppress this message by setting them explicitly. Run the
following command and follow the instructions in your editor to edit
your configuration file:

    git config --global --edit

After doing this, you may fix the identity used for this commit with:

    git commit --amend --reset-author

 1 file changed, 20 insertions(+)
To github.com:MathiasBerlancourt/exam_k8s.git
   dd0827d..aa567c3  main -> main
From github.com:MathiasBerlancourt/exam_k8s
 * branch            main       -> FETCH_HEAD
Already up to date.
[main d6b1539] Automatic commit at 2023-08-24 11:00:01
 Committer: Ubuntu <ubuntu@ip-172-31-37-33.eu-west-1.compute.internal>
Your name and email address were configured automatically based
on your username and hostname. Please check that they are accurate.
You can suppress this message by setting them explicitly. Run the
following command and follow the instructions in your editor to edit
your configuration file:

    git config --global --edit

After doing this, you may fix the identity used for this commit with:

    git commit --amend --reset-author

 2 files changed, 34 insertions(+)
 create mode 100755 helm/cleanup_namespace.sh
To github.com:MathiasBerlancourt/exam_k8s.git
   aa567c3..d6b1539  main -> main
From github.com:MathiasBerlancourt/exam_k8s
 * branch            main       -> FETCH_HEAD
Already up to date.
[main 5e596a1] Automatic commit at 2023-08-24 12:00:01
 Committer: Ubuntu <ubuntu@ip-172-31-37-33.eu-west-1.compute.internal>
Your name and email address were configured automatically based
on your username and hostname. Please check that they are accurate.
You can suppress this message by setting them explicitly. Run the
following command and follow the instructions in your editor to edit
your configuration file:

    git config --global --edit

After doing this, you may fix the identity used for this commit with:

    git commit --amend --reset-author

 1 file changed, 21 insertions(+)
To github.com:MathiasBerlancourt/exam_k8s.git
   d6b1539..5e596a1  main -> main
From github.com:MathiasBerlancourt/exam_k8s
 * branch            main       -> FETCH_HEAD
Already up to date.
[main 27fac44] Automatic commit at 2023-08-24 13:00:01
 Committer: Ubuntu <ubuntu@ip-172-31-37-33.eu-west-1.compute.internal>
Your name and email address were configured automatically based
on your username and hostname. Please check that they are accurate.
You can suppress this message by setting them explicitly. Run the
following command and follow the instructions in your editor to edit
your configuration file:

    git config --global --edit

After doing this, you may fix the identity used for this commit with:

    git commit --amend --reset-author

 1 file changed, 20 insertions(+)
To github.com:MathiasBerlancourt/exam_k8s.git
   5e596a1..27fac44  main -> main
From github.com:MathiasBerlancourt/exam_k8s
 * branch            main       -> FETCH_HEAD
Already up to date.
[main 2c51983] Automatic commit at 2023-08-24 16:00:01
 Committer: Ubuntu <ubuntu@ip-172-31-37-33.eu-west-1.compute.internal>
Your name and email address were configured automatically based
on your username and hostname. Please check that they are accurate.
You can suppress this message by setting them explicitly. Run the
following command and follow the instructions in your editor to edit
your configuration file:

    git config --global --edit

After doing this, you may fix the identity used for this commit with:

    git commit --amend --reset-author

 1 file changed, 20 insertions(+)
To github.com:MathiasBerlancourt/exam_k8s.git
   27fac44..2c51983  main -> main
From github.com:MathiasBerlancourt/exam_k8s
 * branch            main       -> FETCH_HEAD
Already up to date.
[main 822a140] Automatic commit at 2023-08-24 17:00:01
 Committer: Ubuntu <ubuntu@ip-172-31-37-33.eu-west-1.compute.internal>
Your name and email address were configured automatically based
on your username and hostname. Please check that they are accurate.
You can suppress this message by setting them explicitly. Run the
following command and follow the instructions in your editor to edit
your configuration file:

    git config --global --edit

After doing this, you may fix the identity used for this commit with:

    git commit --amend --reset-author

 1 file changed, 20 insertions(+)
To github.com:MathiasBerlancourt/exam_k8s.git
   2c51983..822a140  main -> main
From github.com:MathiasBerlancourt/exam_k8s
 * branch            main       -> FETCH_HEAD
Already up to date.
[main d123f38] Automatic commit at 2023-08-25 09:00:01
 Committer: Ubuntu <ubuntu@ip-172-31-37-33.eu-west-1.compute.internal>
Your name and email address were configured automatically based
on your username and hostname. Please check that they are accurate.
You can suppress this message by setting them explicitly. Run the
following command and follow the instructions in your editor to edit
your configuration file:

    git config --global --edit

After doing this, you may fix the identity used for this commit with:

    git commit --amend --reset-author

 5 files changed, 62 insertions(+), 25 deletions(-)
 delete mode 100644 standard/mysql-pvc.yaml
To github.com:MathiasBerlancourt/exam_k8s.git
   822a140..d123f38  main -> main
From github.com:MathiasBerlancourt/exam_k8s
 * branch            main       -> FETCH_HEAD
Already up to date.
[main 2a5cc9d] Automatic commit at 2023-08-25 10:00:01
 Committer: Ubuntu <ubuntu@ip-172-31-37-33.eu-west-1.compute.internal>
Your name and email address were configured automatically based
on your username and hostname. Please check that they are accurate.
You can suppress this message by setting them explicitly. Run the
following command and follow the instructions in your editor to edit
your configuration file:

    git config --global --edit

After doing this, you may fix the identity used for this commit with:

    git commit --amend --reset-author

 2 files changed, 22 insertions(+), 1 deletion(-)
To github.com:MathiasBerlancourt/exam_k8s.git
   d123f38..2a5cc9d  main -> main
From github.com:MathiasBerlancourt/exam_k8s
 * branch            main       -> FETCH_HEAD
Already up to date.
[main 8695f13] Automatic commit at 2023-08-25 11:00:01
 Committer: Ubuntu <ubuntu@ip-172-31-37-33.eu-west-1.compute.internal>
Your name and email address were configured automatically based
on your username and hostname. Please check that they are accurate.
You can suppress this message by setting them explicitly. Run the
following command and follow the instructions in your editor to edit
your configuration file:

    git config --global --edit

After doing this, you may fix the identity used for this commit with:

    git commit --amend --reset-author

 2 files changed, 22 insertions(+), 2 deletions(-)
To github.com:MathiasBerlancourt/exam_k8s.git
   2a5cc9d..8695f13  main -> main
From github.com:MathiasBerlancourt/exam_k8s
 * branch            main       -> FETCH_HEAD
Already up to date.
[main 8db7926] Automatic commit at 2023-08-25 12:00:01
 Committer: Ubuntu <ubuntu@ip-172-31-37-33.eu-west-1.compute.internal>
Your name and email address were configured automatically based
on your username and hostname. Please check that they are accurate.
You can suppress this message by setting them explicitly. Run the
following command and follow the instructions in your editor to edit
your configuration file:

    git config --global --edit

After doing this, you may fix the identity used for this commit with:

    git commit --amend --reset-author

 1 file changed, 20 insertions(+)
To github.com:MathiasBerlancourt/exam_k8s.git
   8695f13..8db7926  main -> main
From github.com:MathiasBerlancourt/exam_k8s
 * branch            main       -> FETCH_HEAD
Already up to date.
[main bd8803a] Automatic commit at 2023-08-25 13:00:01
 Committer: Ubuntu <ubuntu@ip-172-31-37-33.eu-west-1.compute.internal>
Your name and email address were configured automatically based
on your username and hostname. Please check that they are accurate.
You can suppress this message by setting them explicitly. Run the
following command and follow the instructions in your editor to edit
your configuration file:

    git config --global --edit

After doing this, you may fix the identity used for this commit with:

    git commit --amend --reset-author

 1 file changed, 20 insertions(+)
To github.com:MathiasBerlancourt/exam_k8s.git
   8db7926..bd8803a  main -> main
From github.com:MathiasBerlancourt/exam_k8s
 * branch            main       -> FETCH_HEAD
Already up to date.
[main 2e6a36a] Automatic commit at 2023-08-25 14:00:01
 Committer: Ubuntu <ubuntu@ip-172-31-37-33.eu-west-1.compute.internal>
Your name and email address were configured automatically based
on your username and hostname. Please check that they are accurate.
You can suppress this message by setting them explicitly. Run the
following command and follow the instructions in your editor to edit
your configuration file:

    git config --global --edit

After doing this, you may fix the identity used for this commit with:

    git commit --amend --reset-author

 1 file changed, 20 insertions(+)
To github.com:MathiasBerlancourt/exam_k8s.git
   bd8803a..2e6a36a  main -> main
From github.com:MathiasBerlancourt/exam_k8s
 * branch            main       -> FETCH_HEAD
Already up to date.
[main c28e470] Automatic commit at 2023-08-25 15:00:01
 Committer: Ubuntu <ubuntu@ip-172-31-37-33.eu-west-1.compute.internal>
Your name and email address were configured automatically based
on your username and hostname. Please check that they are accurate.
You can suppress this message by setting them explicitly. Run the
following command and follow the instructions in your editor to edit
your configuration file:

    git config --global --edit

After doing this, you may fix the identity used for this commit with:

    git commit --amend --reset-author

 1 file changed, 20 insertions(+)
To github.com:MathiasBerlancourt/exam_k8s.git
   2e6a36a..c28e470  main -> main
From github.com:MathiasBerlancourt/exam_k8s
 * branch            main       -> FETCH_HEAD
Already up to date.
[main 57751b6] Automatic commit at 2023-08-25 16:00:01
 Committer: Ubuntu <ubuntu@ip-172-31-37-33.eu-west-1.compute.internal>
Your name and email address were configured automatically based
on your username and hostname. Please check that they are accurate.
You can suppress this message by setting them explicitly. Run the
following command and follow the instructions in your editor to edit
your configuration file:

    git config --global --edit

After doing this, you may fix the identity used for this commit with:

    git commit --amend --reset-author

 1 file changed, 20 insertions(+)
To github.com:MathiasBerlancourt/exam_k8s.git
   c28e470..57751b6  main -> main
From github.com:MathiasBerlancourt/exam_k8s
 * branch            main       -> FETCH_HEAD
Already up to date.
[main c238ec5] Automatic commit at 2023-08-25 19:00:01
 Committer: Ubuntu <ubuntu@ip-172-31-37-33.eu-west-1.compute.internal>
Your name and email address were configured automatically based
on your username and hostname. Please check that they are accurate.
You can suppress this message by setting them explicitly. Run the
following command and follow the instructions in your editor to edit
your configuration file:

    git config --global --edit

After doing this, you may fix the identity used for this commit with:

    git commit --amend --reset-author

 1 file changed, 20 insertions(+)
To github.com:MathiasBerlancourt/exam_k8s.git
   57751b6..c238ec5  main -> main
From github.com:MathiasBerlancourt/exam_k8s
 * branch            main       -> FETCH_HEAD
Already up to date.
[main 10cc025] Automatic commit at 2023-08-25 20:00:01
 Committer: Ubuntu <ubuntu@ip-172-31-37-33.eu-west-1.compute.internal>
Your name and email address were configured automatically based
on your username and hostname. Please check that they are accurate.
You can suppress this message by setting them explicitly. Run the
following command and follow the instructions in your editor to edit
your configuration file:

    git config --global --edit

After doing this, you may fix the identity used for this commit with:

    git commit --amend --reset-author

 1 file changed, 20 insertions(+)
To github.com:MathiasBerlancourt/exam_k8s.git
   c238ec5..10cc025  main -> main
From github.com:MathiasBerlancourt/exam_k8s
 * branch            main       -> FETCH_HEAD
Already up to date.
[main 4428bae] Automatic commit at 2023-08-25 21:00:01
 Committer: Ubuntu <ubuntu@ip-172-31-37-33.eu-west-1.compute.internal>
Your name and email address were configured automatically based
on your username and hostname. Please check that they are accurate.
You can suppress this message by setting them explicitly. Run the
following command and follow the instructions in your editor to edit
your configuration file:

    git config --global --edit

After doing this, you may fix the identity used for this commit with:

    git commit --amend --reset-author

 1 file changed, 20 insertions(+)
To github.com:MathiasBerlancourt/exam_k8s.git
   10cc025..4428bae  main -> main
From github.com:MathiasBerlancourt/exam_k8s
 * branch            main       -> FETCH_HEAD
Already up to date.
[main 24668d1] Automatic commit at 2023-08-25 22:00:01
 Committer: Ubuntu <ubuntu@ip-172-31-37-33.eu-west-1.compute.internal>
Your name and email address were configured automatically based
on your username and hostname. Please check that they are accurate.
You can suppress this message by setting them explicitly. Run the
following command and follow the instructions in your editor to edit
your configuration file:

    git config --global --edit

After doing this, you may fix the identity used for this commit with:

    git commit --amend --reset-author

 1 file changed, 20 insertions(+)
To github.com:MathiasBerlancourt/exam_k8s.git
   4428bae..24668d1  main -> main
From github.com:MathiasBerlancourt/exam_k8s
 * branch            main       -> FETCH_HEAD
Already up to date.
[main 43453a2] Automatic commit at 2023-09-01 10:00:01
 Committer: Ubuntu <ubuntu@ip-172-31-37-33.eu-west-1.compute.internal>
Your name and email address were configured automatically based
on your username and hostname. Please check that they are accurate.
You can suppress this message by setting them explicitly. Run the
following command and follow the instructions in your editor to edit
your configuration file:

    git config --global --edit

After doing this, you may fix the identity used for this commit with:

    git commit --amend --reset-author

 2 files changed, 23 insertions(+), 3 deletions(-)
To github.com:MathiasBerlancourt/exam_k8s.git
   24668d1..43453a2  main -> main
From github.com:MathiasBerlancourt/exam_k8s
 * branch            main       -> FETCH_HEAD
Already up to date.
[main 85d127d] Automatic commit at 2023-09-01 11:00:01
 Committer: Ubuntu <ubuntu@ip-172-31-37-33.eu-west-1.compute.internal>
Your name and email address were configured automatically based
on your username and hostname. Please check that they are accurate.
You can suppress this message by setting them explicitly. Run the
following command and follow the instructions in your editor to edit
your configuration file:

    git config --global --edit

After doing this, you may fix the identity used for this commit with:

    git commit --amend --reset-author

 1 file changed, 20 insertions(+)
To github.com:MathiasBerlancourt/exam_k8s.git
   43453a2..85d127d  main -> main
From github.com:MathiasBerlancourt/exam_k8s
 * branch            main       -> FETCH_HEAD
Already up to date.
[main 9861952] Automatic commit at 2023-09-01 12:00:01
 Committer: Ubuntu <ubuntu@ip-172-31-37-33.eu-west-1.compute.internal>
Your name and email address were configured automatically based
on your username and hostname. Please check that they are accurate.
You can suppress this message by setting them explicitly. Run the
following command and follow the instructions in your editor to edit
your configuration file:

    git config --global --edit

After doing this, you may fix the identity used for this commit with:

    git commit --amend --reset-author

 1 file changed, 20 insertions(+)
To github.com:MathiasBerlancourt/exam_k8s.git
   85d127d..9861952  main -> main
From github.com:MathiasBerlancourt/exam_k8s
 * branch            main       -> FETCH_HEAD
Already up to date.
[main 83a5458] Automatic commit at 2023-09-01 13:00:01
 Committer: Ubuntu <ubuntu@ip-172-31-37-33.eu-west-1.compute.internal>
Your name and email address were configured automatically based
on your username and hostname. Please check that they are accurate.
You can suppress this message by setting them explicitly. Run the
following command and follow the instructions in your editor to edit
your configuration file:

    git config --global --edit

After doing this, you may fix the identity used for this commit with:

    git commit --amend --reset-author

 1 file changed, 20 insertions(+)
To github.com:MathiasBerlancourt/exam_k8s.git
   9861952..83a5458  main -> main
From github.com:MathiasBerlancourt/exam_k8s
 * branch            main       -> FETCH_HEAD
Already up to date.
[main e0def15] Automatic commit at 2023-09-01 14:00:01
 Committer: Ubuntu <ubuntu@ip-172-31-37-33.eu-west-1.compute.internal>
Your name and email address were configured automatically based
on your username and hostname. Please check that they are accurate.
You can suppress this message by setting them explicitly. Run the
following command and follow the instructions in your editor to edit
your configuration file:

    git config --global --edit

After doing this, you may fix the identity used for this commit with:

    git commit --amend --reset-author

 1 file changed, 20 insertions(+)
To github.com:MathiasBerlancourt/exam_k8s.git
   83a5458..e0def15  main -> main
From github.com:MathiasBerlancourt/exam_k8s
 * branch            main       -> FETCH_HEAD
Already up to date.
[main 1e73f8c] Automatic commit at 2023-09-01 15:00:01
 Committer: Ubuntu <ubuntu@ip-172-31-37-33.eu-west-1.compute.internal>
Your name and email address were configured automatically based
on your username and hostname. Please check that they are accurate.
You can suppress this message by setting them explicitly. Run the
following command and follow the instructions in your editor to edit
your configuration file:

    git config --global --edit

After doing this, you may fix the identity used for this commit with:

    git commit --amend --reset-author

 1 file changed, 20 insertions(+)
To github.com:MathiasBerlancourt/exam_k8s.git
   e0def15..1e73f8c  main -> main
From github.com:MathiasBerlancourt/exam_k8s
 * branch            main       -> FETCH_HEAD
Already up to date.
[main 8877a4f] Automatic commit at 2023-09-01 16:00:01
 Committer: Ubuntu <ubuntu@ip-172-31-37-33.eu-west-1.compute.internal>
Your name and email address were configured automatically based
on your username and hostname. Please check that they are accurate.
You can suppress this message by setting them explicitly. Run the
following command and follow the instructions in your editor to edit
your configuration file:

    git config --global --edit

After doing this, you may fix the identity used for this commit with:

    git commit --amend --reset-author

 1 file changed, 20 insertions(+)
To github.com:MathiasBerlancourt/exam_k8s.git
   1e73f8c..8877a4f  main -> main
From github.com:MathiasBerlancourt/exam_k8s
 * branch            main       -> FETCH_HEAD
Already up to date.
[main b5fa096] Automatic commit at 2023-09-04 09:00:01
 Committer: Ubuntu <ubuntu@ip-172-31-37-33.eu-west-1.compute.internal>
Your name and email address were configured automatically based
on your username and hostname. Please check that they are accurate.
You can suppress this message by setting them explicitly. Run the
following command and follow the instructions in your editor to edit
your configuration file:

    git config --global --edit

After doing this, you may fix the identity used for this commit with:

    git commit --amend --reset-author

 14 files changed, 771 insertions(+), 1 deletion(-)
 create mode 100755 helm/get_helm.sh
 create mode 100644 helm/k8chart/.helmignore
 create mode 100644 helm/k8chart/Chart.yaml
 create mode 100644 helm/k8chart/templates/NOTES.txt
 create mode 100644 helm/k8chart/templates/_helpers.tpl
 create mode 100644 helm/k8chart/templates/deployment.yaml
 create mode 100644 helm/k8chart/templates/hpa.yaml
 create mode 100644 helm/k8chart/templates/ingress.yaml
 create mode 100644 helm/k8chart/templates/service.yaml
 create mode 100644 helm/k8chart/templates/serviceaccount.yaml
 create mode 100644 helm/k8chart/templates/tests/test-connection.yaml
 create mode 100644 helm/k8chart/values.yaml
To github.com:MathiasBerlancourt/exam_k8s.git
   8877a4f..b5fa096  main -> main
From github.com:MathiasBerlancourt/exam_k8s
 * branch            main       -> FETCH_HEAD
Already up to date.
[main c9c1b16] Automatic commit at 2023-09-04 10:00:01
 Committer: Ubuntu <ubuntu@ip-172-31-37-33.eu-west-1.compute.internal>
Your name and email address were configured automatically based
on your username and hostname. Please check that they are accurate.
You can suppress this message by setting them explicitly. Run the
following command and follow the instructions in your editor to edit
your configuration file:

    git config --global --edit

After doing this, you may fix the identity used for this commit with:

    git commit --amend --reset-author

 3 files changed, 58 insertions(+), 64 deletions(-)
 rewrite helm/k8chart/templates/deployment.yaml (78%)
To github.com:MathiasBerlancourt/exam_k8s.git
   b5fa096..c9c1b16  main -> main
From github.com:MathiasBerlancourt/exam_k8s
 * branch            main       -> FETCH_HEAD
Already up to date.
[main b5b2f12] Automatic commit at 2023-09-04 11:00:02
 Committer: Ubuntu <ubuntu@ip-172-31-37-33.eu-west-1.compute.internal>
Your name and email address were configured automatically based
on your username and hostname. Please check that they are accurate.
You can suppress this message by setting them explicitly. Run the
following command and follow the instructions in your editor to edit
your configuration file:

    git config --global --edit

After doing this, you may fix the identity used for this commit with:

    git commit --amend --reset-author

 1 file changed, 21 insertions(+)
To github.com:MathiasBerlancourt/exam_k8s.git
   c9c1b16..b5b2f12  main -> main
From github.com:MathiasBerlancourt/exam_k8s
 * branch            main       -> FETCH_HEAD
Already up to date.
[main 4f6909c] Automatic commit at 2023-09-04 12:00:01
 Committer: Ubuntu <ubuntu@ip-172-31-37-33.eu-west-1.compute.internal>
Your name and email address were configured automatically based
on your username and hostname. Please check that they are accurate.
You can suppress this message by setting them explicitly. Run the
following command and follow the instructions in your editor to edit
your configuration file:

    git config --global --edit

After doing this, you may fix the identity used for this commit with:

    git commit --amend --reset-author

 1 file changed, 20 insertions(+)
To github.com:MathiasBerlancourt/exam_k8s.git
   b5b2f12..4f6909c  main -> main
From github.com:MathiasBerlancourt/exam_k8s
 * branch            main       -> FETCH_HEAD
Already up to date.
[main 0d4ccb0] Automatic commit at 2023-09-04 13:00:01
 Committer: Ubuntu <ubuntu@ip-172-31-37-33.eu-west-1.compute.internal>
Your name and email address were configured automatically based
on your username and hostname. Please check that they are accurate.
You can suppress this message by setting them explicitly. Run the
following command and follow the instructions in your editor to edit
your configuration file:

    git config --global --edit

After doing this, you may fix the identity used for this commit with:

    git commit --amend --reset-author

 15 files changed, 260 insertions(+), 225 deletions(-)
 delete mode 100644 helm/k8chart/templates/deployment.yaml
 create mode 100644 helm/k8chart/templates/fastapi-deployment.yaml
 create mode 100644 helm/k8chart/templates/fastapi-service.yaml
 rewrite helm/k8chart/templates/hpa.yaml (98%)
 rewrite helm/k8chart/templates/ingress.yaml (99%)
 create mode 100644 helm/k8chart/templates/mysql-deployment.yaml
 create mode 100644 helm/k8chart/templates/mysql-pvc.yaml
 create mode 100644 helm/k8chart/templates/mysql-secret.yaml
 create mode 100644 helm/k8chart/templates/mysql-service.yaml
 create mode 100644 helm/k8chart/templates/phpmyadmin-deployment.yaml
 create mode 100644 helm/k8chart/templates/phpmyadmin-service.yaml
 delete mode 100644 helm/k8chart/templates/service.yaml
 delete mode 100644 helm/k8chart/templates/serviceaccount.yaml
 rewrite helm/k8chart/values.yaml (98%)
To github.com:MathiasBerlancourt/exam_k8s.git
   4f6909c..0d4ccb0  main -> main
From github.com:MathiasBerlancourt/exam_k8s
 * branch            main       -> FETCH_HEAD
Already up to date.
[main 47b468b] Automatic commit at 2023-09-04 14:00:01
 Committer: Ubuntu <ubuntu@ip-172-31-37-33.eu-west-1.compute.internal>
Your name and email address were configured automatically based
on your username and hostname. Please check that they are accurate.
You can suppress this message by setting them explicitly. Run the
following command and follow the instructions in your editor to edit
your configuration file:

    git config --global --edit

After doing this, you may fix the identity used for this commit with:

    git commit --amend --reset-author

 2 files changed, 38 insertions(+), 4 deletions(-)
To github.com:MathiasBerlancourt/exam_k8s.git
   0d4ccb0..47b468b  main -> main
From github.com:MathiasBerlancourt/exam_k8s
 * branch            main       -> FETCH_HEAD
Already up to date.
[main fc70852] Automatic commit at 2023-09-04 15:00:01
 Committer: Ubuntu <ubuntu@ip-172-31-37-33.eu-west-1.compute.internal>
Your name and email address were configured automatically based
on your username and hostname. Please check that they are accurate.
You can suppress this message by setting them explicitly. Run the
following command and follow the instructions in your editor to edit
your configuration file:

    git config --global --edit

After doing this, you may fix the identity used for this commit with:

    git commit --amend --reset-author

 1 file changed, 20 insertions(+)
To github.com:MathiasBerlancourt/exam_k8s.git
   47b468b..fc70852  main -> main
From github.com:MathiasBerlancourt/exam_k8s
 * branch            main       -> FETCH_HEAD
Already up to date.
[main e249c6e] Automatic commit at 2023-09-04 16:00:01
 Committer: Ubuntu <ubuntu@ip-172-31-37-33.eu-west-1.compute.internal>
Your name and email address were configured automatically based
on your username and hostname. Please check that they are accurate.
You can suppress this message by setting them explicitly. Run the
following command and follow the instructions in your editor to edit
your configuration file:

    git config --global --edit

After doing this, you may fix the identity used for this commit with:

    git commit --amend --reset-author

 1 file changed, 20 insertions(+)
To github.com:MathiasBerlancourt/exam_k8s.git
   fc70852..e249c6e  main -> main
From github.com:MathiasBerlancourt/exam_k8s
 * branch            main       -> FETCH_HEAD
Already up to date.
[main fe0639d] Automatic commit at 2023-09-05 15:00:01
 Committer: Ubuntu <ubuntu@ip-172-31-37-33.eu-west-1.compute.internal>
Your name and email address were configured automatically based
on your username and hostname. Please check that they are accurate.
You can suppress this message by setting them explicitly. Run the
following command and follow the instructions in your editor to edit
your configuration file:

    git config --global --edit

After doing this, you may fix the identity used for this commit with:

    git commit --amend --reset-author

 1 file changed, 20 insertions(+)
To github.com:MathiasBerlancourt/exam_k8s.git
   e249c6e..fe0639d  main -> main
From github.com:MathiasBerlancourt/exam_k8s
 * branch            main       -> FETCH_HEAD
Already up to date.
[main 60ea9b5] Automatic commit at 2023-09-05 16:00:01
 Committer: Ubuntu <ubuntu@ip-172-31-37-33.eu-west-1.compute.internal>
Your name and email address were configured automatically based
on your username and hostname. Please check that they are accurate.
You can suppress this message by setting them explicitly. Run the
following command and follow the instructions in your editor to edit
your configuration file:

    git config --global --edit

After doing this, you may fix the identity used for this commit with:

    git commit --amend --reset-author

 1 file changed, 20 insertions(+)
To github.com:MathiasBerlancourt/exam_k8s.git
   fe0639d..60ea9b5  main -> main
From github.com:MathiasBerlancourt/exam_k8s
 * branch            main       -> FETCH_HEAD
Already up to date.
[main 02fa848] Automatic commit at 2023-09-05 17:00:01
 Committer: Ubuntu <ubuntu@ip-172-31-37-33.eu-west-1.compute.internal>
Your name and email address were configured automatically based
on your username and hostname. Please check that they are accurate.
You can suppress this message by setting them explicitly. Run the
following command and follow the instructions in your editor to edit
your configuration file:

    git config --global --edit

After doing this, you may fix the identity used for this commit with:

    git commit --amend --reset-author

 1 file changed, 20 insertions(+)
To github.com:MathiasBerlancourt/exam_k8s.git
   60ea9b5..02fa848  main -> main
From github.com:MathiasBerlancourt/exam_k8s
 * branch            main       -> FETCH_HEAD
Already up to date.
[main 31ce577] Automatic commit at 2023-09-11 07:00:01
 Committer: Ubuntu <ubuntu@ip-172-31-37-33.eu-west-1.compute.internal>
Your name and email address were configured automatically based
on your username and hostname. Please check that they are accurate.
You can suppress this message by setting them explicitly. Run the
following command and follow the instructions in your editor to edit
your configuration file:

    git config --global --edit

After doing this, you may fix the identity used for this commit with:

    git commit --amend --reset-author

 18 files changed, 36 insertions(+)
 create mode 100644 kustomize/fastapi/deployment.yaml
 create mode 100644 kustomize/fastapi/service.yaml
 create mode 100644 kustomize/kustomization.yaml
 create mode 100644 kustomize/mysql/deployment.yaml
 create mode 100644 kustomize/mysql/service.yaml
 create mode 100644 kustomize/patch.yaml
 create mode 100644 kustomize/phpmyadmin/deployment.yaml
 create mode 100644 kustomize/phpmyadmin/service.yaml
 rename {standard => yaml-standard}/Dockerfile (100%)
 rename {standard => yaml-standard}/cleanup_namespace.sh (100%)
 rename {standard => yaml-standard}/deploy.sh (100%)
 rename {standard => yaml-standard}/fastapi.yaml (100%)
 rename {standard => yaml-standard}/hpa.yaml (100%)
 rename {standard => yaml-standard}/ingress.yaml (100%)
 rename {standard => yaml-standard}/mysql.yaml (100%)
 rename {standard => yaml-standard}/namespace.yaml (100%)
 rename {standard => yaml-standard}/phpmyadmin.yaml (100%)
To github.com:MathiasBerlancourt/exam_k8s.git
   02fa848..31ce577  main -> main
From github.com:MathiasBerlancourt/exam_k8s
 * branch            main       -> FETCH_HEAD
Already up to date.
[main 9f9c33e] Automatic commit at 2023-09-11 08:00:01
 Committer: Ubuntu <ubuntu@ip-172-31-37-33.eu-west-1.compute.internal>
Your name and email address were configured automatically based
on your username and hostname. Please check that they are accurate.
You can suppress this message by setting them explicitly. Run the
following command and follow the instructions in your editor to edit
your configuration file:

    git config --global --edit

After doing this, you may fix the identity used for this commit with:

    git commit --amend --reset-author

 1 file changed, 3 insertions(+)
To github.com:MathiasBerlancourt/exam_k8s.git
   04d6cb5..9f9c33e  main -> main
From github.com:MathiasBerlancourt/exam_k8s
 * branch            main       -> FETCH_HEAD
Already up to date.
[main 7c4f665] Automatic commit at 2023-09-11 09:00:01
 Committer: Ubuntu <ubuntu@ip-172-31-37-33.eu-west-1.compute.internal>
Your name and email address were configured automatically based
on your username and hostname. Please check that they are accurate.
You can suppress this message by setting them explicitly. Run the
following command and follow the instructions in your editor to edit
your configuration file:

    git config --global --edit

After doing this, you may fix the identity used for this commit with:

    git commit --amend --reset-author

 1 file changed, 20 insertions(+)
To github.com:MathiasBerlancourt/exam_k8s.git
   9f9c33e..7c4f665  main -> main
From github.com:MathiasBerlancourt/exam_k8s
 * branch            main       -> FETCH_HEAD
Already up to date.
[main 808b79c] Automatic commit at 2023-09-11 10:00:01
 Committer: Ubuntu <ubuntu@ip-172-31-37-33.eu-west-1.compute.internal>
Your name and email address were configured automatically based
on your username and hostname. Please check that they are accurate.
You can suppress this message by setting them explicitly. Run the
following command and follow the instructions in your editor to edit
your configuration file:

    git config --global --edit

After doing this, you may fix the identity used for this commit with:

    git commit --amend --reset-author

 1 file changed, 20 insertions(+)
To github.com:MathiasBerlancourt/exam_k8s.git
   7c4f665..808b79c  main -> main
From github.com:MathiasBerlancourt/exam_k8s
 * branch            main       -> FETCH_HEAD
Already up to date.
[main 069a01d] Automatic commit at 2023-09-11 11:00:01
 Committer: Ubuntu <ubuntu@ip-172-31-37-33.eu-west-1.compute.internal>
Your name and email address were configured automatically based
on your username and hostname. Please check that they are accurate.
You can suppress this message by setting them explicitly. Run the
following command and follow the instructions in your editor to edit
your configuration file:

    git config --global --edit

After doing this, you may fix the identity used for this commit with:

    git commit --amend --reset-author

 1 file changed, 20 insertions(+)
To github.com:MathiasBerlancourt/exam_k8s.git
   808b79c..069a01d  main -> main
From github.com:MathiasBerlancourt/exam_k8s
 * branch            main       -> FETCH_HEAD
Already up to date.
[main cf1f4c7] Automatic commit at 2023-09-11 12:00:01
 Committer: Ubuntu <ubuntu@ip-172-31-37-33.eu-west-1.compute.internal>
Your name and email address were configured automatically based
on your username and hostname. Please check that they are accurate.
You can suppress this message by setting them explicitly. Run the
following command and follow the instructions in your editor to edit
your configuration file:

    git config --global --edit

After doing this, you may fix the identity used for this commit with:

    git commit --amend --reset-author

 1 file changed, 20 insertions(+)
To github.com:MathiasBerlancourt/exam_k8s.git
   069a01d..cf1f4c7  main -> main
From github.com:MathiasBerlancourt/exam_k8s
 * branch            main       -> FETCH_HEAD
Already up to date.
[main c5ec034] Automatic commit at 2023-09-11 15:00:01
 Committer: Ubuntu <ubuntu@ip-172-31-37-33.eu-west-1.compute.internal>
Your name and email address were configured automatically based
on your username and hostname. Please check that they are accurate.
You can suppress this message by setting them explicitly. Run the
following command and follow the instructions in your editor to edit
your configuration file:

    git config --global --edit

After doing this, you may fix the identity used for this commit with:

    git commit --amend --reset-author

 1 file changed, 20 insertions(+)
To github.com:MathiasBerlancourt/exam_k8s.git
   cf1f4c7..c5ec034  main -> main
From github.com:MathiasBerlancourt/exam_k8s
 * branch            main       -> FETCH_HEAD
Already up to date.
[main 39ecc3d] Automatic commit at 2023-09-11 16:00:01
 Committer: Ubuntu <ubuntu@ip-172-31-37-33.eu-west-1.compute.internal>
Your name and email address were configured automatically based
on your username and hostname. Please check that they are accurate.
You can suppress this message by setting them explicitly. Run the
following command and follow the instructions in your editor to edit
your configuration file:

    git config --global --edit

After doing this, you may fix the identity used for this commit with:

    git commit --amend --reset-author

 1 file changed, 20 insertions(+)
To github.com:MathiasBerlancourt/exam_k8s.git
   c5ec034..39ecc3d  main -> main
From github.com:MathiasBerlancourt/exam_k8s
 * branch            main       -> FETCH_HEAD
Already up to date.
[main fb8330a] Automatic commit at 2023-09-11 17:00:01
 Committer: Ubuntu <ubuntu@ip-172-31-37-33.eu-west-1.compute.internal>
Your name and email address were configured automatically based
on your username and hostname. Please check that they are accurate.
You can suppress this message by setting them explicitly. Run the
following command and follow the instructions in your editor to edit
your configuration file:

    git config --global --edit

After doing this, you may fix the identity used for this commit with:

    git commit --amend --reset-author

 1 file changed, 20 insertions(+)
To github.com:MathiasBerlancourt/exam_k8s.git
   39ecc3d..fb8330a  main -> main
From github.com:MathiasBerlancourt/exam_k8s
 * branch            main       -> FETCH_HEAD
Already up to date.
[main 3bc5374] Automatic commit at 2023-09-11 18:00:01
 Committer: Ubuntu <ubuntu@ip-172-31-37-33.eu-west-1.compute.internal>
Your name and email address were configured automatically based
on your username and hostname. Please check that they are accurate.
You can suppress this message by setting them explicitly. Run the
following command and follow the instructions in your editor to edit
your configuration file:

    git config --global --edit

After doing this, you may fix the identity used for this commit with:

    git commit --amend --reset-author

 1 file changed, 20 insertions(+)
To github.com:MathiasBerlancourt/exam_k8s.git
   fb8330a..3bc5374  main -> main
From github.com:MathiasBerlancourt/exam_k8s
 * branch            main       -> FETCH_HEAD
Already up to date.
[main 971dafc] Automatic commit at 2023-09-11 19:00:01
 Committer: Ubuntu <ubuntu@ip-172-31-37-33.eu-west-1.compute.internal>
Your name and email address were configured automatically based
on your username and hostname. Please check that they are accurate.
You can suppress this message by setting them explicitly. Run the
following command and follow the instructions in your editor to edit
your configuration file:

    git config --global --edit

After doing this, you may fix the identity used for this commit with:

    git commit --amend --reset-author

 1 file changed, 20 insertions(+)
To github.com:MathiasBerlancourt/exam_k8s.git
   3bc5374..971dafc  main -> main
From github.com:MathiasBerlancourt/exam_k8s
 * branch            main       -> FETCH_HEAD
Already up to date.
[main 9651948] Automatic commit at 2023-09-11 20:00:01
 Committer: Ubuntu <ubuntu@ip-172-31-37-33.eu-west-1.compute.internal>
Your name and email address were configured automatically based
on your username and hostname. Please check that they are accurate.
You can suppress this message by setting them explicitly. Run the
following command and follow the instructions in your editor to edit
your configuration file:

    git config --global --edit

After doing this, you may fix the identity used for this commit with:

    git commit --amend --reset-author

 1 file changed, 20 insertions(+)
To github.com:MathiasBerlancourt/exam_k8s.git
   971dafc..9651948  main -> main
From github.com:MathiasBerlancourt/exam_k8s
 * branch            main       -> FETCH_HEAD
Already up to date.
[main cfca1ca] Automatic commit at 2023-09-11 21:00:01
 Committer: Ubuntu <ubuntu@ip-172-31-37-33.eu-west-1.compute.internal>
Your name and email address were configured automatically based
on your username and hostname. Please check that they are accurate.
You can suppress this message by setting them explicitly. Run the
following command and follow the instructions in your editor to edit
your configuration file:

    git config --global --edit

After doing this, you may fix the identity used for this commit with:

    git commit --amend --reset-author

 1 file changed, 20 insertions(+)
To github.com:MathiasBerlancourt/exam_k8s.git
   9651948..cfca1ca  main -> main
From github.com:MathiasBerlancourt/exam_k8s
 * branch            main       -> FETCH_HEAD
Already up to date.
[main e9ecdfa] Automatic commit at 2023-09-11 22:00:01
 Committer: Ubuntu <ubuntu@ip-172-31-37-33.eu-west-1.compute.internal>
Your name and email address were configured automatically based
on your username and hostname. Please check that they are accurate.
You can suppress this message by setting them explicitly. Run the
following command and follow the instructions in your editor to edit
your configuration file:

    git config --global --edit

After doing this, you may fix the identity used for this commit with:

    git commit --amend --reset-author

 1 file changed, 20 insertions(+)
To github.com:MathiasBerlancourt/exam_k8s.git
   cfca1ca..e9ecdfa  main -> main
From github.com:MathiasBerlancourt/exam_k8s
 * branch            main       -> FETCH_HEAD
Already up to date.
[main 151f5aa] Automatic commit at 2023-09-11 23:00:01
 Committer: Ubuntu <ubuntu@ip-172-31-37-33.eu-west-1.compute.internal>
Your name and email address were configured automatically based
on your username and hostname. Please check that they are accurate.
You can suppress this message by setting them explicitly. Run the
following command and follow the instructions in your editor to edit
your configuration file:

    git config --global --edit

After doing this, you may fix the identity used for this commit with:

    git commit --amend --reset-author

 1 file changed, 20 insertions(+)
To github.com:MathiasBerlancourt/exam_k8s.git
   e9ecdfa..151f5aa  main -> main
From github.com:MathiasBerlancourt/exam_k8s
 * branch            main       -> FETCH_HEAD
   151f5aa..dc4479c  main       -> origin/main
Updating 151f5aa..dc4479c
Fast-forward
 kustomize/mysql/deployment.yaml | 36 ++++++++++++++++++------------------
 1 file changed, 18 insertions(+), 18 deletions(-)
[main 06f1a55] Automatic commit at 2023-10-09 20:00:01
 Committer: Ubuntu <ubuntu@ip-172-31-37-33.eu-west-1.compute.internal>
Your name and email address were configured automatically based
on your username and hostname. Please check that they are accurate.
You can suppress this message by setting them explicitly. Run the
following command and follow the instructions in your editor to edit
your configuration file:

    git config --global --edit

After doing this, you may fix the identity used for this commit with:

    git commit --amend --reset-author

 1 file changed, 24 insertions(+)
To github.com:MathiasBerlancourt/exam_k8s.git
   dc4479c..06f1a55  main -> main
From github.com:MathiasBerlancourt/exam_k8s
 * branch            main       -> FETCH_HEAD
Already up to date.
[main 6217b9f] Automatic commit at 2023-10-09 21:00:01
 Committer: Ubuntu <ubuntu@ip-172-31-37-33.eu-west-1.compute.internal>
Your name and email address were configured automatically based
on your username and hostname. Please check that they are accurate.
You can suppress this message by setting them explicitly. Run the
following command and follow the instructions in your editor to edit
your configuration file:

    git config --global --edit

After doing this, you may fix the identity used for this commit with:

    git commit --amend --reset-author

 6 files changed, 28 insertions(+), 5 deletions(-)
To github.com:MathiasBerlancourt/exam_k8s.git
   06f1a55..6217b9f  main -> main
From github.com:MathiasBerlancourt/exam_k8s
 * branch            main       -> FETCH_HEAD
Already up to date.
[main d0d3318] Automatic commit at 2023-10-09 22:00:01
 Committer: Ubuntu <ubuntu@ip-172-31-37-33.eu-west-1.compute.internal>
Your name and email address were configured automatically based
on your username and hostname. Please check that they are accurate.
You can suppress this message by setting them explicitly. Run the
following command and follow the instructions in your editor to edit
your configuration file:

    git config --global --edit

After doing this, you may fix the identity used for this commit with:

    git commit --amend --reset-author

 3 files changed, 23 insertions(+), 3 deletions(-)
To github.com:MathiasBerlancourt/exam_k8s.git
   6217b9f..d0d3318  main -> main
From github.com:MathiasBerlancourt/exam_k8s
 * branch            main       -> FETCH_HEAD
Already up to date.
[main 54a0c57] Automatic commit at 2023-10-09 23:00:01
 Committer: Ubuntu <ubuntu@ip-172-31-37-33.eu-west-1.compute.internal>
Your name and email address were configured automatically based
on your username and hostname. Please check that they are accurate.
You can suppress this message by setting them explicitly. Run the
following command and follow the instructions in your editor to edit
your configuration file:

    git config --global --edit

After doing this, you may fix the identity used for this commit with:

    git commit --amend --reset-author

 1 file changed, 20 insertions(+)
To github.com:MathiasBerlancourt/exam_k8s.git
   d0d3318..54a0c57  main -> main
From github.com:MathiasBerlancourt/exam_k8s
 * branch            main       -> FETCH_HEAD
Already up to date.
[main 2c50fbb] Automatic commit at 2023-10-10 00:00:01
 Committer: Ubuntu <ubuntu@ip-172-31-37-33.eu-west-1.compute.internal>
Your name and email address were configured automatically based
on your username and hostname. Please check that they are accurate.
You can suppress this message by setting them explicitly. Run the
following command and follow the instructions in your editor to edit
your configuration file:

    git config --global --edit

After doing this, you may fix the identity used for this commit with:

    git commit --amend --reset-author

 1 file changed, 20 insertions(+)
To github.com:MathiasBerlancourt/exam_k8s.git
   54a0c57..2c50fbb  main -> main
From github.com:MathiasBerlancourt/exam_k8s
 * branch            main       -> FETCH_HEAD
Already up to date.
[main 20372d5] Automatic commit at 2023-10-11 14:00:01
 Committer: Ubuntu <ubuntu@ip-172-31-37-33.eu-west-1.compute.internal>
Your name and email address were configured automatically based
on your username and hostname. Please check that they are accurate.
You can suppress this message by setting them explicitly. Run the
following command and follow the instructions in your editor to edit
your configuration file:

    git config --global --edit

After doing this, you may fix the identity used for this commit with:

    git commit --amend --reset-author

 1 file changed, 20 insertions(+)
To github.com:MathiasBerlancourt/exam_k8s.git
   2c50fbb..20372d5  main -> main
From github.com:MathiasBerlancourt/exam_k8s
 * branch            main       -> FETCH_HEAD
Already up to date.
[main c844e2a] Automatic commit at 2023-10-11 15:00:01
 Committer: Ubuntu <ubuntu@ip-172-31-37-33.eu-west-1.compute.internal>
Your name and email address were configured automatically based
on your username and hostname. Please check that they are accurate.
You can suppress this message by setting them explicitly. Run the
following command and follow the instructions in your editor to edit
your configuration file:

    git config --global --edit

After doing this, you may fix the identity used for this commit with:

    git commit --amend --reset-author

 8 files changed, 406 insertions(+), 19 deletions(-)
 rename yaml-standard/Dockerfile => Dockerfile (100%)
 create mode 100644 yaml-standard/clusterissuer.yaml
 create mode 100755 yaml-standard/get_helm.sh
 rewrite yaml-standard/ingress.yaml (67%)
To github.com:MathiasBerlancourt/exam_k8s.git
   20372d5..c844e2a  main -> main
From github.com:MathiasBerlancourt/exam_k8s
 * branch            main       -> FETCH_HEAD
Already up to date.
[main d6b13d7] Automatic commit at 2023-10-11 16:00:01
 Committer: Ubuntu <ubuntu@ip-172-31-37-33.eu-west-1.compute.internal>
Your name and email address were configured automatically based
on your username and hostname. Please check that they are accurate.
You can suppress this message by setting them explicitly. Run the
following command and follow the instructions in your editor to edit
your configuration file:

    git config --global --edit

After doing this, you may fix the identity used for this commit with:

    git commit --amend --reset-author

 4 files changed, 36 insertions(+), 4 deletions(-)
To github.com:MathiasBerlancourt/exam_k8s.git
   c844e2a..d6b13d7  main -> main
From github.com:MathiasBerlancourt/exam_k8s
 * branch            main       -> FETCH_HEAD
Already up to date.
[main cfdfb93] Automatic commit at 2023-10-11 17:00:01
 Committer: Ubuntu <ubuntu@ip-172-31-37-33.eu-west-1.compute.internal>
Your name and email address were configured automatically based
on your username and hostname. Please check that they are accurate.
You can suppress this message by setting them explicitly. Run the
following command and follow the instructions in your editor to edit
your configuration file:

    git config --global --edit

After doing this, you may fix the identity used for this commit with:

    git commit --amend --reset-author

 3 files changed, 25 insertions(+), 4 deletions(-)
 mode change 100644 => 100755 Dockerfile
To github.com:MathiasBerlancourt/exam_k8s.git
   d6b13d7..cfdfb93  main -> main
From github.com:MathiasBerlancourt/exam_k8s
 * branch            main       -> FETCH_HEAD
Already up to date.
[main 75baa6d] Automatic commit at 2023-10-11 18:00:01
 Committer: Ubuntu <ubuntu@ip-172-31-37-33.eu-west-1.compute.internal>
Your name and email address were configured automatically based
on your username and hostname. Please check that they are accurate.
You can suppress this message by setting them explicitly. Run the
following command and follow the instructions in your editor to edit
your configuration file:

    git config --global --edit

After doing this, you may fix the identity used for this commit with:

    git commit --amend --reset-author

 1 file changed, 21 insertions(+)
To github.com:MathiasBerlancourt/exam_k8s.git
   cfdfb93..75baa6d  main -> main
From github.com:MathiasBerlancourt/exam_k8s
 * branch            main       -> FETCH_HEAD
Already up to date.
[main ed6baad] Automatic commit at 2023-10-11 19:00:01
 Committer: Ubuntu <ubuntu@ip-172-31-37-33.eu-west-1.compute.internal>
Your name and email address were configured automatically based
on your username and hostname. Please check that they are accurate.
You can suppress this message by setting them explicitly. Run the
following command and follow the instructions in your editor to edit
your configuration file:

    git config --global --edit

After doing this, you may fix the identity used for this commit with:

    git commit --amend --reset-author

 1 file changed, 20 insertions(+)
To github.com:MathiasBerlancourt/exam_k8s.git
   75baa6d..ed6baad  main -> main
From github.com:MathiasBerlancourt/exam_k8s
 * branch            main       -> FETCH_HEAD
Already up to date.
